2026-05-02T18:57:34.995+03:00  INFO 214507 --- [product-service] [restartedMain] c.p.p.ProductServiceApplication          : Starting ProductServiceApplication using Java 26.0.1 with PID 214507 (/home/husamemad/Downloads/eCommerce-Microservices/product_service/target/classes started by husamemad in /home/husamemad/Downloads/eCommerce-Microservices/product_service)
2026-05-02T18:57:34.996+03:00  INFO 214507 --- [product-service] [restartedMain] c.p.p.ProductServiceApplication          : No active profile set, falling back to 1 default profile: "default"
2026-05-02T18:57:35.030+03:00  INFO 214507 --- [product-service] [restartedMain] .e.DevToolsPropertyDefaultsPostProcessor : Devtools property defaults active! Set 'spring.devtools.add-properties' to 'false' to disable
2026-05-02T18:57:35.030+03:00  INFO 214507 --- [product-service] [restartedMain] .e.DevToolsPropertyDefaultsPostProcessor : For additional web related logging consider setting the 'logging.level.web' property to 'DEBUG'
2026-05-02T18:57:35.729+03:00  INFO 214507 --- [product-service] [restartedMain] .s.d.r.c.RepositoryConfigurationDelegate : Bootstrapping Spring Data JPA repositories in DEFAULT mode.
2026-05-02T18:57:35.843+03:00  INFO 214507 --- [product-service] [restartedMain] .s.d.r.c.RepositoryConfigurationDelegate : Finished Spring Data repository scanning in 106 ms. Found 1 JPA repository interface.
2026-05-02T18:57:35.947+03:00  INFO 214507 --- [product-service] [restartedMain] o.s.cloud.context.scope.GenericScope     : BeanFactory id=36dd14a0-a2bd-365c-9dfb-2b3e4972595f
2026-05-02T18:57:36.477+03:00  INFO 214507 --- [product-service] [restartedMain] o.s.b.w.embedded.tomcat.TomcatWebServer  : Tomcat initialized with port 8083 (http)
2026-05-02T18:57:36.485+03:00  INFO 214507 --- [product-service] [restartedMain] o.apache.catalina.core.StandardService   : Starting service [Tomcat]
2026-05-02T18:57:36.486+03:00  INFO 214507 --- [product-service] [restartedMain] o.apache.catalina.core.StandardEngine    : Starting Servlet engine: [Apache Tomcat/10.1.40]
2026-05-02T18:57:36.510+03:00  INFO 214507 --- [product-service] [restartedMain] o.a.c.c.C.[Tomcat].[localhost].[/]       : Initializing Spring embedded WebApplicationContext
2026-05-02T18:57:36.510+03:00  INFO 214507 --- [product-service] [restartedMain] w.s.c.ServletWebServerApplicationContext : Root WebApplicationContext: initialization completed in 1480 ms
2026-05-02T18:57:36.829+03:00  INFO 214507 --- [product-service] [restartedMain] o.hibernate.jpa.internal.util.LogHelper  : HHH000204: Processing PersistenceUnitInfo [name: default]
2026-05-02T18:57:36.885+03:00  INFO 214507 --- [product-service] [restartedMain] org.hibernate.Version                    : HHH000412: Hibernate ORM core version 6.6.13.Final
2026-05-02T18:57:36.924+03:00  INFO 214507 --- [product-service] [restartedMain] o.h.c.internal.RegionFactoryInitiator    : HHH000026: Second-level cache disabled
2026-05-02T18:57:37.189+03:00  INFO 214507 --- [product-service] [restartedMain] o.s.o.j.p.SpringPersistenceUnitInfo      : No LoadTimeWeaver setup: ignoring JPA class transformer
2026-05-02T18:57:37.206+03:00  INFO 214507 --- [product-service] [restartedMain] com.zaxxer.hikari.HikariDataSource       : HikariPool-1 - Starting...
2026-05-02T18:57:37.301+03:00  INFO 214507 --- [product-service] [restartedMain] com.zaxxer.hikari.pool.HikariPool        : HikariPool-1 - Added connection org.postgresql.jdbc.PgConnection@6825d453
2026-05-02T18:57:37.302+03:00  INFO 214507 --- [product-service] [restartedMain] com.zaxxer.hikari.HikariDataSource       : HikariPool-1 - Start completed.
2026-05-02T18:57:37.328+03:00  WARN 214507 --- [product-service] [restartedMain] org.hibernate.orm.deprecation            : HHH90000025: PostgreSQLDialect does not need to be specified explicitly using 'hibernate.dialect' (remove the property setting and it will be selected by default)
2026-05-02T18:57:37.339+03:00  INFO 214507 --- [product-service] [restartedMain] org.hibernate.orm.connections.pooling    : HHH10001005: Database info:
	Database JDBC URL [Connecting through datasource 'HikariDataSource (HikariPool-1)']
	Database driver: undefined/unknown
	Database version: 14.22
	Autocommit mode: undefined/unknown
	Isolation level: undefined/unknown
	Minimum pool size: undefined/unknown
	Maximum pool size: undefined/unknown
2026-05-02T18:57:37.789+03:00  INFO 214507 --- [product-service] [restartedMain] o.h.e.t.j.p.i.JtaPlatformInitiator       : HHH000489: No JTA platform available (set 'hibernate.transaction.jta.platform' to enable JTA platform integration)
2026-05-02T18:57:37.887+03:00  INFO 214507 --- [product-service] [restartedMain] j.LocalContainerEntityManagerFactoryBean : Initialized JPA EntityManagerFactory for persistence unit 'default'
2026-05-02T18:57:38.083+03:00  INFO 214507 --- [product-service] [restartedMain] o.s.d.j.r.query.QueryEnhancerFactory     : Hibernate is in classpath; If applicable, HQL parser will be used.
2026-05-02T18:57:38.620+03:00  WARN 214507 --- [product-service] [restartedMain] JpaBaseConfiguration$JpaWebConfiguration : spring.jpa.open-in-view is enabled by default. Therefore, database queries may be performed during view rendering. Explicitly configure spring.jpa.open-in-view to disable this warning
2026-05-02T18:57:39.249+03:00  INFO 214507 --- [product-service] [restartedMain] o.s.b.d.a.OptionalLiveReloadServer       : LiveReload server is running on port 35729
2026-05-02T18:57:39.278+03:00  INFO 214507 --- [product-service] [restartedMain] DiscoveryClientOptionalArgsConfiguration : Eureka HTTP Client uses RestTemplate.
2026-05-02T18:57:39.343+03:00  WARN 214507 --- [product-service] [restartedMain] iguration$LoadBalancerCaffeineWarnLogger : Spring Cloud LoadBalancer is currently working with the default cache. While this cache implementation is useful for development and tests, it's recommended to use Caffeine cache in production.You can switch to using Caffeine cache, by adding it and org.springframework.cache.caffeine.CaffeineCacheManager to the classpath.
2026-05-02T18:57:39.355+03:00  INFO 214507 --- [product-service] [restartedMain] o.s.b.a.e.web.EndpointLinksResolver      : Exposing 19 endpoints beneath base path '/actuator'
2026-05-02T18:57:39.424+03:00  INFO 214507 --- [product-service] [restartedMain] o.s.c.n.eureka.InstanceInfoFactory       : Setting initial instance status as: STARTING
2026-05-02T18:57:39.446+03:00  INFO 214507 --- [product-service] [restartedMain] com.netflix.discovery.DiscoveryClient    : Initializing Eureka in region us-east-1
2026-05-02T18:57:39.449+03:00  INFO 214507 --- [product-service] [restartedMain] c.n.d.s.r.aws.ConfigClusterResolver      : Resolving eureka endpoints via configuration
2026-05-02T18:57:39.455+03:00  INFO 214507 --- [product-service] [restartedMain] com.netflix.discovery.DiscoveryClient    : Disable delta property : false
2026-05-02T18:57:39.455+03:00  INFO 214507 --- [product-service] [restartedMain] com.netflix.discovery.DiscoveryClient    : Single vip registry refresh property : null
2026-05-02T18:57:39.455+03:00  INFO 214507 --- [product-service] [restartedMain] com.netflix.discovery.DiscoveryClient    : Force full registry fetch : false
2026-05-02T18:57:39.455+03:00  INFO 214507 --- [product-service] [restartedMain] com.netflix.discovery.DiscoveryClient    : Application is null : false
2026-05-02T18:57:39.455+03:00  INFO 214507 --- [product-service] [restartedMain] com.netflix.discovery.DiscoveryClient    : Registered Applications size is zero : true
2026-05-02T18:57:39.455+03:00  INFO 214507 --- [product-service] [restartedMain] com.netflix.discovery.DiscoveryClient    : Application version is -1: true
2026-05-02T18:57:39.455+03:00  INFO 214507 --- [product-service] [restartedMain] com.netflix.discovery.DiscoveryClient    : Getting all instance registry info from the eureka server
2026-05-02T18:57:39.759+03:00  INFO 214507 --- [product-service] [restartedMain] com.netflix.discovery.DiscoveryClient    : The response status is 200
2026-05-02T18:57:39.760+03:00  INFO 214507 --- [product-service] [restartedMain] com.netflix.discovery.DiscoveryClient    : Starting heartbeat executor: renew interval is: 30
2026-05-02T18:57:39.761+03:00  INFO 214507 --- [product-service] [restartedMain] c.n.discovery.InstanceInfoReplicator     : InstanceInfoReplicator onDemand update allowed rate per min is 4
2026-05-02T18:57:39.762+03:00  INFO 214507 --- [product-service] [restartedMain] com.netflix.discovery.DiscoveryClient    : Discovery Client initialized at timestamp 1777737459762 with initial instances count: 1
2026-05-02T18:57:39.768+03:00  INFO 214507 --- [product-service] [restartedMain] o.s.c.n.e.s.EurekaServiceRegistry        : Registering application PRODUCT-SERVICE with eureka with status UP
2026-05-02T18:57:39.768+03:00  INFO 214507 --- [product-service] [restartedMain] com.netflix.discovery.DiscoveryClient    : Saw local status change event StatusChangeEvent [timestamp=1777737459768, current=UP, previous=STARTING]
2026-05-02T18:57:39.769+03:00  INFO 214507 --- [product-service] [DiscoveryClient-InstanceInfoReplicator-%d] com.netflix.discovery.DiscoveryClient    : DiscoveryClient_PRODUCT-SERVICE/omarchy:product-service:8083: registering service...
2026-05-02T18:57:39.778+03:00  INFO 214507 --- [product-service] [restartedMain] o.s.b.w.embedded.tomcat.TomcatWebServer  : Tomcat started on port 8083 (http) with context path '/'
2026-05-02T18:57:39.778+03:00  INFO 214507 --- [product-service] [restartedMain] .s.c.n.e.s.EurekaAutoServiceRegistration : Updating port to 8083
2026-05-02T18:57:39.792+03:00  INFO 214507 --- [product-service] [restartedMain] c.p.p.ProductServiceApplication          : Started ProductServiceApplication in 5.19 seconds (process running for 5.652)
2026-05-02T18:57:39.802+03:00  INFO 214507 --- [product-service] [DiscoveryClient-InstanceInfoReplicator-%d] com.netflix.discovery.DiscoveryClient    : DiscoveryClient_PRODUCT-SERVICE/omarchy:product-service:8083 - registration status: 204
2026-05-02T19:00:06.287+03:00  INFO 214507 --- [product-service] [http-nio-8083-exec-1] o.a.c.c.C.[Tomcat].[localhost].[/]       : Initializing Spring DispatcherServlet 'dispatcherServlet'
2026-05-02T19:00:06.287+03:00  INFO 214507 --- [product-service] [http-nio-8083-exec-1] o.s.web.servlet.DispatcherServlet        : Initializing Servlet 'dispatcherServlet'
2026-05-02T19:00:06.289+03:00  INFO 214507 --- [product-service] [http-nio-8083-exec-1] o.s.web.servlet.DispatcherServlet        : Completed initialization in 1 ms
2026-05-02T19:02:39.456+03:00  INFO 214507 --- [product-service] [AsyncResolver-bootstrap-executor-%d] c.n.d.s.r.aws.ConfigClusterResolver      : Resolving eureka endpoints via configuration
2026-05-02T19:07:39.457+03:00  INFO 214507 --- [product-service] [AsyncResolver-bootstrap-executor-%d] c.n.d.s.r.aws.ConfigClusterResolver      : Resolving eureka endpoints via configuration
